<?xml version="1.0" encoding="UTF-8"?>
<testng-results skipped="1" failed="0" ignored="0" total="2" passed="1">
  <reporter-output>
  </reporter-output>
  <suite name="Default suite" duration-ms="7116" started-at="2020-08-03T00:35:17 EET" finished-at="2020-08-03T00:35:24 EET">
    <groups>
    </groups>
    <test name="Default test" duration-ms="7116" started-at="2020-08-03T00:35:17 EET" finished-at="2020-08-03T00:35:24 EET">
      <class name="tests.UserRegistrationTestWithDDTAndExcel">
        <test-method status="PASS" signature="setup()[pri:0, instance:tests.UserRegistrationTestWithDDTAndExcel@23faf8f2]" name="setup" is-config="true" duration-ms="9299" started-at="2020-08-03T00:35:08 EET" finished-at="2020-08-03T00:35:17 EET">
          <reporter-output>
          </reporter-output>
        </test-method> <!-- setup -->
        <test-method status="PASS" signature="AssertTheProductValue()[pri:1, instance:tests.UserRegistrationTestWithDDTAndExcel@23faf8f2]" name="AssertTheProductValue" duration-ms="5906" started-at="2020-08-03T00:35:17 EET" finished-at="2020-08-03T00:35:23 EET">
          <reporter-output>
          </reporter-output>
        </test-method> <!-- AssertTheProductValue -->
        <test-method status="SKIP" signature="UserCanRegisterSuccessfully(java.lang.String, java.lang.String, java.lang.String, java.lang.String, java.lang.String, java.lang.String, java.lang.String, java.lang.String, java.lang.String)[pri:0, instance:tests.UserRegistrationTestWithDDTAndExcel@23faf8f2]" name="UserCanRegisterSuccessfully" duration-ms="0" started-at="2020-08-03T00:35:24 EET" data-provider="ExcelData" depends-on-methods="tests.UserRegistrationTestWithDDTAndExcel.AssertTheProductValue" finished-at="2020-08-03T00:35:24 EET">
          <exception class="java.lang.RuntimeException">
            <message>
              <![CDATA[java.lang.NullPointerException]]>
            </message>
            <full-stacktrace>
              <![CDATA[java.lang.RuntimeException: java.lang.NullPointerException
at org.testng.internal.MethodInvocationHelper.invokeMethodNoCheckedException(MethodInvocationHelper.java:51)
at org.testng.internal.MethodInvocationHelper.invokeDataProvider(MethodInvocationHelper.java:147)
at org.testng.internal.Parameters.handleParameters(Parameters.java:801)
at org.testng.internal.Parameters.handleParameters(Parameters.java:744)
at org.testng.internal.ParameterHandler.handleParameters(ParameterHandler.java:59)
at org.testng.internal.ParameterHandler.createParameters(ParameterHandler.java:38)
at org.testng.internal.TestInvoker$MethodInvocationAgent.invoke(TestInvoker.java:783)
at org.testng.internal.TestInvoker.invokeTestMethods(TestInvoker.java:146)
at org.testng.internal.TestMethodWorker.invokeTestMethods(TestMethodWorker.java:146)
at org.testng.internal.TestMethodWorker.run(TestMethodWorker.java:128)
at java.util.ArrayList.forEach(ArrayList.java:1257)
at org.testng.TestRunner.privateRun(TestRunner.java:766)
at org.testng.TestRunner.run(TestRunner.java:587)
at org.testng.SuiteRunner.runTest(SuiteRunner.java:384)
at org.testng.SuiteRunner.runSequentially(SuiteRunner.java:378)
at org.testng.SuiteRunner.privateRun(SuiteRunner.java:337)
at org.testng.SuiteRunner.run(SuiteRunner.java:286)
at org.testng.SuiteRunnerWorker.runSuite(SuiteRunnerWorker.java:53)
at org.testng.SuiteRunnerWorker.run(SuiteRunnerWorker.java:96)
at org.testng.TestNG.runSuitesSequentially(TestNG.java:1187)
at org.testng.TestNG.runSuitesLocally(TestNG.java:1109)
at org.testng.TestNG.runSuites(TestNG.java:1039)
at org.testng.TestNG.run(TestNG.java:1007)
at org.testng.remote.AbstractRemoteTestNG.run(AbstractRemoteTestNG.java:115)
at org.testng.remote.RemoteTestNG.initAndRun(RemoteTestNG.java:251)
at org.testng.remote.RemoteTestNG.main(RemoteTestNG.java:77)
Caused by: java.lang.NullPointerException
at data.ExcellReader.getExcelData(ExcellReader.java:46)
at tests.UserRegistrationTestWithDDTAndExcel.userRegisterData(UserRegistrationTestWithDDTAndExcel.java:79)
at sun.reflect.NativeMethodAccessorImpl.invoke0(Native Method)
at sun.reflect.NativeMethodAccessorImpl.invoke(NativeMethodAccessorImpl.java:62)
at sun.reflect.DelegatingMethodAccessorImpl.invoke(DelegatingMethodAccessorImpl.java:43)
at java.lang.reflect.Method.invoke(Method.java:498)
at org.testng.internal.MethodInvocationHelper.invokeMethod(MethodInvocationHelper.java:134)
at org.testng.internal.MethodInvocationHelper.invokeMethod(MethodInvocationHelper.java:78)
at org.testng.internal.MethodInvocationHelper.invokeMethodNoCheckedException(MethodInvocationHelper.java:47)
... 25 more
]]>
            </full-stacktrace>
          </exception> <!-- java.lang.RuntimeException -->
          <reporter-output>
          </reporter-output>
        </test-method> <!-- UserCanRegisterSuccessfully -->
        <test-method status="PASS" signature="Closedriver()[pri:0, instance:tests.UserRegistrationTestWithDDTAndExcel@23faf8f2]" name="Closedriver" is-config="true" duration-ms="189" started-at="2020-08-03T00:35:24 EET" finished-at="2020-08-03T00:35:24 EET">
          <reporter-output>
          </reporter-output>
        </test-method> <!-- Closedriver -->
      </class> <!-- tests.UserRegistrationTestWithDDTAndExcel -->
    </test> <!-- Default test -->
  </suite> <!-- Default suite -->
</testng-results>
