<?xml version="1.0" encoding="UTF-8"?>
<!-- Generated by org.testng.reporters.JUnitXMLReporter -->
<testsuite hostname="DESKTOP-7M67OUT" ignored="0" name="Default test" tests="2" failures="0" timestamp="2020-08-03T00:35:24 EET" time="7.116" errors="0">
  <testcase name="AssertTheProductValue" time="5.906" classname="tests.UserRegistrationTestWithDDTAndExcel"/>
  <testcase name="UserCanRegisterSuccessfully" time="0.0" classname="tests.UserRegistrationTestWithDDTAndExcel">
    <skipped/>
  </testcase> <!-- UserCanRegisterSuccessfully -->
</testsuite> <!-- Default test -->
